[2026-05-28 14:38:41] [INFO] [org.hibernate.validator.internal.util.Version] - HV000001: Hibernate Validator 8.0.1.Final
[2026-05-28 14:38:42] [INFO] [ra.demo.controller.BookControllerTest] - Starting BookControllerTest using Java 21.0.10 with PID 24828 (started by longl in C:\Users\longl\Desktop\Java Web Service\KiemTraHackathon_SpringAPI\KiemTraHackathon_SpringAPI)
[2026-05-28 14:38:42] [DEBUG] [ra.demo.controller.BookControllerTest] - Running with Spring Boot v3.4.0, Spring v6.2.0
[2026-05-28 14:38:42] [INFO] [ra.demo.controller.BookControllerTest] - No active profile set, falling back to 1 default profile: "default"
[2026-05-28 14:38:47] [INFO] [org.springframework.boot.test.mock.web.SpringBootMockServletContext] - Initializing Spring TestDispatcherServlet ''
[2026-05-28 14:38:47] [INFO] [org.springframework.test.web.servlet.TestDispatcherServlet] - Initializing Servlet ''
[2026-05-28 14:38:47] [INFO] [org.springframework.test.web.servlet.TestDispatcherServlet] - Completed initialization in 0 ms
[2026-05-28 14:38:47] [INFO] [ra.demo.controller.BookControllerTest] - Started BookControllerTest in 7.139 seconds (process running for 13.4)
[2026-05-28 14:39:51] [INFO] [org.hibernate.validator.internal.util.Version] - HV000001: Hibernate Validator 8.0.1.Final
[2026-05-28 14:39:51] [INFO] [ra.demo.KiemTraHackathonSpringApiApplication] - Starting KiemTraHackathonSpringApiApplication using Java 21.0.10 with PID 22688 (C:\Users\longl\Desktop\Java Web Service\KiemTraHackathon_SpringAPI\KiemTraHackathon_SpringAPI\build\classes\java\main started by longl in C:\Users\longl\Desktop\Java Web Service\KiemTraHackathon_SpringAPI\KiemTraHackathon_SpringAPI)
[2026-05-28 14:39:51] [DEBUG] [ra.demo.KiemTraHackathonSpringApiApplication] - Running with Spring Boot v3.4.0, Spring v6.2.0
[2026-05-28 14:39:51] [INFO] [ra.demo.KiemTraHackathonSpringApiApplication] - No active profile set, falling back to 1 default profile: "default"
[2026-05-28 14:39:51] [INFO] [org.springframework.boot.devtools.env.DevToolsPropertyDefaultsPostProcessor] - Devtools property defaults active! Set 'spring.devtools.add-properties' to 'false' to disable
[2026-05-28 14:39:51] [INFO] [org.springframework.boot.devtools.env.DevToolsPropertyDefaultsPostProcessor] - For additional web related logging consider setting the 'logging.level.web' property to 'DEBUG'
[2026-05-28 14:39:52] [INFO] [org.springframework.data.repository.config.RepositoryConfigurationDelegate] - Bootstrapping Spring Data JPA repositories in DEFAULT mode.
[2026-05-28 14:39:52] [INFO] [org.springframework.data.repository.config.RepositoryConfigurationDelegate] - Finished Spring Data repository scanning in 82 ms. Found 1 JPA repository interface.
[2026-05-28 14:39:53] [INFO] [org.springframework.boot.web.embedded.tomcat.TomcatWebServer] - Tomcat initialized with port 8080 (http)
[2026-05-28 14:39:53] [INFO] [org.apache.coyote.http11.Http11NioProtocol] - Initializing ProtocolHandler ["http-nio-8080"]
[2026-05-28 14:39:53] [INFO] [org.apache.catalina.core.StandardService] - Starting service [Tomcat]
[2026-05-28 14:39:53] [INFO] [org.apache.catalina.core.StandardEngine] - Starting Servlet engine: [Apache Tomcat/10.1.33]
[2026-05-28 14:39:53] [INFO] [org.apache.catalina.core.ContainerBase.[Tomcat].[localhost].[/]] - Initializing Spring embedded WebApplicationContext
[2026-05-28 14:39:53] [INFO] [org.springframework.boot.web.servlet.context.ServletWebServerApplicationContext] - Root WebApplicationContext: initialization completed in 1596 ms
[2026-05-28 14:39:53] [INFO] [org.hibernate.jpa.internal.util.LogHelper] - HHH000204: Processing PersistenceUnitInfo [name: default]
[2026-05-28 14:39:53] [INFO] [org.hibernate.Version] - HHH000412: Hibernate ORM core version 6.6.2.Final
[2026-05-28 14:39:53] [INFO] [org.hibernate.cache.internal.RegionFactoryInitiator] - HHH000026: Second-level cache disabled
[2026-05-28 14:39:54] [INFO] [org.springframework.orm.jpa.persistenceunit.SpringPersistenceUnitInfo] - No LoadTimeWeaver setup: ignoring JPA class transformer
[2026-05-28 14:39:54] [INFO] [com.zaxxer.hikari.HikariDataSource] - HikariPool-1 - Starting...
[2026-05-28 14:39:54] [INFO] [com.zaxxer.hikari.pool.HikariPool] - HikariPool-1 - Added connection com.mysql.cj.jdbc.ConnectionImpl@16f55dc9
[2026-05-28 14:39:54] [INFO] [com.zaxxer.hikari.HikariDataSource] - HikariPool-1 - Start completed.
[2026-05-28 14:39:55] [WARN] [org.hibernate.orm.deprecation] - HHH90000025: MySQLDialect does not need to be specified explicitly using 'hibernate.dialect' (remove the property setting and it will be selected by default)
[2026-05-28 14:39:55] [INFO] [org.hibernate.orm.connections.pooling] - HHH10001005: Database info:
	Database JDBC URL [Connecting through datasource 'HikariDataSource (HikariPool-1)']
	Database driver: undefined/unknown
	Database version: 8.0.44
	Autocommit mode: undefined/unknown
	Isolation level: undefined/unknown
	Minimum pool size: undefined/unknown
	Maximum pool size: undefined/unknown
[2026-05-28 14:39:56] [INFO] [org.hibernate.engine.transaction.jta.platform.internal.JtaPlatformInitiator] - HHH000489: No JTA platform available (set 'hibernate.transaction.jta.platform' to enable JTA platform integration)
[2026-05-28 14:39:56] [INFO] [org.springframework.orm.jpa.LocalContainerEntityManagerFactoryBean] - Initialized JPA EntityManagerFactory for persistence unit 'default'
[2026-05-28 14:39:56] [WARN] [org.springframework.boot.autoconfigure.orm.jpa.JpaBaseConfiguration$JpaWebConfiguration] - spring.jpa.open-in-view is enabled by default. Therefore, database queries may be performed during view rendering. Explicitly configure spring.jpa.open-in-view to disable this warning
[2026-05-28 14:39:57] [INFO] [org.springframework.boot.devtools.autoconfigure.OptionalLiveReloadServer] - LiveReload server is running on port 35729
[2026-05-28 14:39:57] [INFO] [org.apache.coyote.http11.Http11NioProtocol] - Starting ProtocolHandler ["http-nio-8080"]
[2026-05-28 14:39:57] [INFO] [org.springframework.boot.web.embedded.tomcat.TomcatWebServer] - Tomcat started on port 8080 (http) with context path '/'
[2026-05-28 14:39:57] [INFO] [ra.demo.KiemTraHackathonSpringApiApplication] - Started KiemTraHackathonSpringApiApplication in 5.886 seconds (process running for 6.758)
[2026-05-28 14:40:44] [INFO] [org.hibernate.validator.internal.util.Version] - HV000001: Hibernate Validator 8.0.1.Final
[2026-05-28 14:40:44] [INFO] [ra.demo.controller.BookControllerTest] - Starting BookControllerTest using Java 21.0.10 with PID 27196 (started by longl in C:\Users\longl\Desktop\Java Web Service\KiemTraHackathon_SpringAPI\KiemTraHackathon_SpringAPI)
[2026-05-28 14:40:44] [DEBUG] [ra.demo.controller.BookControllerTest] - Running with Spring Boot v3.4.0, Spring v6.2.0
[2026-05-28 14:40:44] [INFO] [ra.demo.controller.BookControllerTest] - No active profile set, falling back to 1 default profile: "default"
[2026-05-28 14:40:49] [INFO] [org.springframework.boot.test.mock.web.SpringBootMockServletContext] - Initializing Spring TestDispatcherServlet ''
[2026-05-28 14:40:49] [INFO] [org.springframework.test.web.servlet.TestDispatcherServlet] - Initializing Servlet ''
[2026-05-28 14:40:49] [INFO] [org.springframework.test.web.servlet.TestDispatcherServlet] - Completed initialization in 10 ms
[2026-05-28 14:40:49] [INFO] [ra.demo.controller.BookControllerTest] - Started BookControllerTest in 6.138 seconds (process running for 9.399)
[2026-05-28 14:51:59] [INFO] [org.hibernate.validator.internal.util.Version] - HV000001: Hibernate Validator 8.0.1.Final
[2026-05-28 14:51:59] [INFO] [ra.demo.KiemTraHackathonSpringApiApplicationTests] - Starting KiemTraHackathonSpringApiApplicationTests using Java 21.0.10 with PID 15992 (started by longl in C:\Users\longl\Desktop\Java Web Service\KiemTraHackathon_SpringAPI\KiemTraHackathon_SpringAPI)
[2026-05-28 14:51:59] [DEBUG] [ra.demo.KiemTraHackathonSpringApiApplicationTests] - Running with Spring Boot v3.4.0, Spring v6.2.0
[2026-05-28 14:51:59] [INFO] [ra.demo.KiemTraHackathonSpringApiApplicationTests] - No active profile set, falling back to 1 default profile: "default"
[2026-05-28 14:52:01] [INFO] [org.springframework.data.repository.config.RepositoryConfigurationDelegate] - Bootstrapping Spring Data JPA repositories in DEFAULT mode.
[2026-05-28 14:52:01] [INFO] [org.springframework.data.repository.config.RepositoryConfigurationDelegate] - Finished Spring Data repository scanning in 117 ms. Found 1 JPA repository interface.
[2026-05-28 14:52:02] [INFO] [org.hibernate.jpa.internal.util.LogHelper] - HHH000204: Processing PersistenceUnitInfo [name: default]
[2026-05-28 14:52:03] [INFO] [org.hibernate.Version] - HHH000412: Hibernate ORM core version 6.6.2.Final
[2026-05-28 14:52:03] [INFO] [org.hibernate.cache.internal.RegionFactoryInitiator] - HHH000026: Second-level cache disabled
[2026-05-28 14:52:04] [INFO] [org.springframework.orm.jpa.persistenceunit.SpringPersistenceUnitInfo] - No LoadTimeWeaver setup: ignoring JPA class transformer
[2026-05-28 14:52:04] [INFO] [com.zaxxer.hikari.HikariDataSource] - HikariPool-1 - Starting...
[2026-05-28 14:52:05] [INFO] [com.zaxxer.hikari.pool.HikariPool] - HikariPool-1 - Added connection com.mysql.cj.jdbc.ConnectionImpl@a26daf9
[2026-05-28 14:52:05] [INFO] [com.zaxxer.hikari.HikariDataSource] - HikariPool-1 - Start completed.
[2026-05-28 14:52:05] [WARN] [org.hibernate.orm.deprecation] - HHH90000025: MySQLDialect does not need to be specified explicitly using 'hibernate.dialect' (remove the property setting and it will be selected by default)
[2026-05-28 14:52:05] [INFO] [org.hibernate.orm.connections.pooling] - HHH10001005: Database info:
	Database JDBC URL [Connecting through datasource 'HikariDataSource (HikariPool-1)']
	Database driver: undefined/unknown
	Database version: 8.0.44
	Autocommit mode: undefined/unknown
	Isolation level: undefined/unknown
	Minimum pool size: undefined/unknown
	Maximum pool size: undefined/unknown
[2026-05-28 14:52:09] [INFO] [org.hibernate.engine.transaction.jta.platform.internal.JtaPlatformInitiator] - HHH000489: No JTA platform available (set 'hibernate.transaction.jta.platform' to enable JTA platform integration)
[2026-05-28 14:52:09] [INFO] [org.springframework.orm.jpa.LocalContainerEntityManagerFactoryBean] - Initialized JPA EntityManagerFactory for persistence unit 'default'
[2026-05-28 14:52:11] [WARN] [org.springframework.boot.autoconfigure.orm.jpa.JpaBaseConfiguration$JpaWebConfiguration] - spring.jpa.open-in-view is enabled by default. Therefore, database queries may be performed during view rendering. Explicitly configure spring.jpa.open-in-view to disable this warning
[2026-05-28 14:52:12] [INFO] [ra.demo.KiemTraHackathonSpringApiApplicationTests] - Started KiemTraHackathonSpringApiApplicationTests in 13.623 seconds (process running for 16.851)
[2026-05-28 14:52:12] [INFO] [org.springframework.test.context.support.AnnotationConfigContextLoaderUtils] - Could not detect default configuration classes for test class [ra.demo.controller.BookControllerTest]: BookControllerTest does not declare any static, non-private, non-final, nested classes annotated with @Configuration.
[2026-05-28 14:52:12] [INFO] [org.springframework.boot.test.context.SpringBootTestContextBootstrapper] - Found @SpringBootConfiguration ra.demo.KiemTraHackathonSpringApiApplication for test class ra.demo.controller.BookControllerTest
[2026-05-28 14:52:12] [INFO] [ra.demo.controller.BookControllerTest] - Starting BookControllerTest using Java 21.0.10 with PID 15992 (started by longl in C:\Users\longl\Desktop\Java Web Service\KiemTraHackathon_SpringAPI\KiemTraHackathon_SpringAPI)
[2026-05-28 14:52:12] [DEBUG] [ra.demo.controller.BookControllerTest] - Running with Spring Boot v3.4.0, Spring v6.2.0
[2026-05-28 14:52:12] [INFO] [ra.demo.controller.BookControllerTest] - No active profile set, falling back to 1 default profile: "default"
[2026-05-28 14:52:13] [INFO] [org.springframework.boot.test.mock.web.SpringBootMockServletContext] - Initializing Spring TestDispatcherServlet ''
[2026-05-28 14:52:13] [INFO] [org.springframework.test.web.servlet.TestDispatcherServlet] - Initializing Servlet ''
[2026-05-28 14:52:13] [INFO] [org.springframework.test.web.servlet.TestDispatcherServlet] - Completed initialization in 3 ms
[2026-05-28 14:52:13] [INFO] [ra.demo.controller.BookControllerTest] - Started BookControllerTest in 1.013 seconds (process running for 18.735)
[2026-05-28 14:52:15] [DEBUG] [ra.demo.service.impl.BookServiceImpl] - getBookById called with id=100
[2026-05-28 14:52:15] [ERROR] [ra.demo.service.impl.BookServiceImpl] - Book not found for id=100: Không tồn tại sách có mã 100
[2026-05-28 14:52:15] [DEBUG] [ra.demo.service.impl.BookServiceImpl] - getBooks called
[2026-05-28 14:52:15] [INFO] [ra.demo.service.impl.BookServiceImpl] - Returned 2 books
[2026-05-28 14:52:15] [DEBUG] [ra.demo.service.impl.BookServiceImpl] - getBookById called with id=1
[2026-05-28 14:52:15] [INFO] [ra.demo.service.impl.BookServiceImpl] - Found book with id=1
[2026-05-28 14:52:15] [INFO] [org.springframework.orm.jpa.LocalContainerEntityManagerFactoryBean] - Closing JPA EntityManagerFactory for persistence unit 'default'
[2026-05-28 14:52:15] [INFO] [com.zaxxer.hikari.HikariDataSource] - HikariPool-1 - Shutdown initiated...
[2026-05-28 14:52:15] [INFO] [com.zaxxer.hikari.HikariDataSource] - HikariPool-1 - Shutdown completed.
